Microsoft Windows [Version 6.1.7601]
(c) Корпорация Майкрософт (Microsoft Corp.), 2009. Все права защищены.

C:\Windows\System32>cd C:\Users\P0werM1nd\AppData\Local\Programs\Python\Python37
-32\Scripts

C:\Users\P0werM1nd\AppData\Local\Programs\Python\Python37-32\Scripts>pip3 instal
l ephem
Collecting ephem
  Using cached https://files.pythonhosted.org/packages/c3/2c/9e1a815add6c222a0d4
bf7c644e095471a934a39bc90c201f9550a8f7f14/ephem-3.7.6.0.tar.gz
Installing collected packages: ephem
  Running setup.py install for ephem ... error
    ERROR: Complete output from command 'c:\users\p0werm1nd\appdata\local\progra
ms\python\python37-32\python.exe' -u -c 'import setuptools, tokenize;__file__='"
'"'C:\\Users\\P0WERM~1\\AppData\\Local\\Temp\\pip-install-qihbxiw0\\ephem\\setup
.py'"'"';f=getattr(tokenize, '"'"'open'"'"', open)(__file__);code=f.read().repla
ce('"'"'\r\n'"'"', '"'"'\n'"'"');f.close();exec(compile(code, __file__, '"'"'exe
c'"'"'))' install --record 'C:\Users\P0WERM~1\AppData\Local\Temp\pip-record-zj65
46gy\install-record.txt' --single-version-externally-managed --compile:
    ERROR: running install
    running build
    running build_py
    creating build
    creating build\lib.win32-3.7
    creating build\lib.win32-3.7\ephem
    copying ephem\cities.py -> build\lib.win32-3.7\ephem
    copying ephem\stars.py -> build\lib.win32-3.7\ephem
    copying ephem\__init__.py -> build\lib.win32-3.7\ephem
    creating build\lib.win32-3.7\ephem\tests
    copying ephem\tests\test_angles.py -> build\lib.win32-3.7\ephem\tests
    copying ephem\tests\test_bodies.py -> build\lib.win32-3.7\ephem\tests
    copying ephem\tests\test_cities.py -> build\lib.win32-3.7\ephem\tests
    copying ephem\tests\test_constants.py -> build\lib.win32-3.7\ephem\tests
    copying ephem\tests\test_dates.py -> build\lib.win32-3.7\ephem\tests
    copying ephem\tests\test_github_issues.py -> build\lib.win32-3.7\ephem\tests

    copying ephem\tests\test_jpl.py -> build\lib.win32-3.7\ephem\tests
    copying ephem\tests\test_launchpad_236872.py -> build\lib.win32-3.7\ephem\te
sts
    copying ephem\tests\test_launchpad_244811.py -> build\lib.win32-3.7\ephem\te
sts
    copying ephem\tests\test_locales.py -> build\lib.win32-3.7\ephem\tests
    copying ephem\tests\test_observers.py -> build\lib.win32-3.7\ephem\tests
    copying ephem\tests\test_rst.py -> build\lib.win32-3.7\ephem\tests
    copying ephem\tests\test_satellite.py -> build\lib.win32-3.7\ephem\tests
    copying ephem\tests\test_stars.py -> build\lib.win32-3.7\ephem\tests
    copying ephem\tests\test_usno.py -> build\lib.win32-3.7\ephem\tests
    copying ephem\tests\test_usno_equinoxes.py -> build\lib.win32-3.7\ephem\test
s
    copying ephem\tests\__init__.py -> build\lib.win32-3.7\ephem\tests
    creating build\lib.win32-3.7\ephem\doc
    copying ephem\doc\angle.rst -> build\lib.win32-3.7\ephem\doc
    copying ephem\doc\catalogs.rst -> build\lib.win32-3.7\ephem\doc
    copying ephem\doc\CHANGELOG.rst -> build\lib.win32-3.7\ephem\doc
    copying ephem\doc\coordinates.rst -> build\lib.win32-3.7\ephem\doc
    copying ephem\doc\date.rst -> build\lib.win32-3.7\ephem\doc
    copying ephem\doc\examples.rst -> build\lib.win32-3.7\ephem\doc
    copying ephem\doc\faq.rst -> build\lib.win32-3.7\ephem\doc
    copying ephem\doc\index.rst -> build\lib.win32-3.7\ephem\doc
    copying ephem\doc\newton.rst -> build\lib.win32-3.7\ephem\doc
    copying ephem\doc\quick.rst -> build\lib.win32-3.7\ephem\doc
    copying ephem\doc\radec.rst -> build\lib.win32-3.7\ephem\doc
    copying ephem\doc\reference.rst -> build\lib.win32-3.7\ephem\doc
    copying ephem\doc\rise-set.rst -> build\lib.win32-3.7\ephem\doc
    copying ephem\doc\tutorial.rst -> build\lib.win32-3.7\ephem\doc
    creating build\lib.win32-3.7\ephem\tests\jpl
    copying ephem\tests\jpl\europa.txt -> build\lib.win32-3.7\ephem\tests\jpl
    copying ephem\tests\jpl\hyperion.txt -> build\lib.win32-3.7\ephem\tests\jpl
    copying ephem\tests\jpl\jupiter.txt -> build\lib.win32-3.7\ephem\tests\jpl
    copying ephem\tests\jpl\mars.txt -> build\lib.win32-3.7\ephem\tests\jpl
    copying ephem\tests\jpl\neptune.txt -> build\lib.win32-3.7\ephem\tests\jpl
    copying ephem\tests\jpl\oberon.txt -> build\lib.win32-3.7\ephem\tests\jpl
    copying ephem\tests\jpl\phobos.txt -> build\lib.win32-3.7\ephem\tests\jpl
    copying ephem\tests\jpl\saturn.txt -> build\lib.win32-3.7\ephem\tests\jpl
    copying ephem\tests\jpl\uranus.txt -> build\lib.win32-3.7\ephem\tests\jpl
    creating build\lib.win32-3.7\ephem\tests\usno
    copying ephem\tests\usno\appgeo_deneb.txt -> build\lib.win32-3.7\ephem\tests
\usno
    copying ephem\tests\usno\appgeo_jupiter.txt -> build\lib.win32-3.7\ephem\tes
ts\usno
    copying ephem\tests\usno\appgeo_moon.txt -> build\lib.win32-3.7\ephem\tests\
usno
    copying ephem\tests\usno\appgeo_sun.txt -> build\lib.win32-3.7\ephem\tests\u
sno
    copying ephem\tests\usno\apptopo_deneb.txt -> build\lib.win32-3.7\ephem\test
s\usno
    copying ephem\tests\usno\apptopo_moon.txt -> build\lib.win32-3.7\ephem\tests
\usno
    copying ephem\tests\usno\apptopo_sun.txt -> build\lib.win32-3.7\ephem\tests\
usno
    copying ephem\tests\usno\astrom_antares.txt -> build\lib.win32-3.7\ephem\tes
ts\usno
    copying ephem\tests\usno\astrom_mercury.txt -> build\lib.win32-3.7\ephem\tes
ts\usno
    copying ephem\tests\usno\astrom_neptune.txt -> build\lib.win32-3.7\ephem\tes
ts\usno
    copying ephem\tests\usno\moon_phases.txt -> build\lib.win32-3.7\ephem\tests\
usno
    copying ephem\tests\usno\risettran_moon.txt -> build\lib.win32-3.7\ephem\tes
ts\usno
    copying ephem\tests\usno\risettran_rigel.txt -> build\lib.win32-3.7\ephem\te
sts\usno
    copying ephem\tests\usno\riset_moon.txt -> build\lib.win32-3.7\ephem\tests\u
sno
    copying ephem\tests\usno\riset_sun.txt -> build\lib.win32-3.7\ephem\tests\us
no
    running build_ext
    building 'ephem._libastro' extension
    error: Microsoft Visual C++ 14.0 is required. Get it with "Microsoft Visual
C++ Build Tools": https://visualstudio.microsoft.com/downloads/
    ----------------------------------------
ERROR: Command "'c:\users\p0werm1nd\appdata\local\programs\python\python37-32\py
thon.exe' -u -c 'import setuptools, tokenize;__file__='"'"'C:\\Users\\P0WERM~1\\
AppData\\Local\\Temp\\pip-install-qihbxiw0\\ephem\\setup.py'"'"';f=getattr(token
ize, '"'"'open'"'"', open)(__file__);code=f.read().replace('"'"'\r\n'"'"', '"'"'
\n'"'"');f.close();exec(compile(code, __file__, '"'"'exec'"'"'))' install --reco
rd 'C:\Users\P0WERM~1\AppData\Local\Temp\pip-record-zj6546gy\install-record.txt'
 --single-version-externally-managed --compile" failed with error code 1 in C:\U
sers\P0WERM~1\AppData\Local\Temp\pip-install-qihbxiw0\ephem\

C:\Users\P0werM1nd\AppData\Local\Programs\Python\Python37-32\Scripts>
